<?xml version="1.0" encoding="UTF-8" standalone="no"?><testsuite errors="0" failures="0" name="net.serenitybdd.demos.todos.screenplay.features.completing_todos.DownloadTheApp" skipped="0" tests="2" time="12.66" timestamp="2022-03-17 07:25:54"><testcase classname="net.serenitybdd.demos.todos.screenplay.features.completing_todos.DownloadTheApp" name="Should see the number of todos decrease when an item is completed"/><testcase classname="net.serenitybdd.demos.todos.screenplay.features.completing_todos.DownloadTheApp" name="Should be able to download the application"/></testsuite>