<?xml version="1.0" encoding="UTF-8" standalone="no"?><testsuite errors="0" failures="0" name="net.serenitybdd.demos.todos.screenplay.features.maintain_my_todo_list.DeletingTodos" skipped="0" tests="2" time="2.42" timestamp="2022-03-17 07:26:15"><testcase classname="net.serenitybdd.demos.todos.screenplay.features.maintain_my_todo_list.DeletingTodos" name="Should be able to delete todos"/><testcase classname="net.serenitybdd.demos.todos.screenplay.features.maintain_my_todo_list.DeletingTodos" name="Should see deleting a todo decreases the remaining items count"/></testsuite>