<?xml version="1.0" encoding="UTF-8" standalone="no"?><testsuite errors="0" failures="0" name="net.serenitybdd.demos.todos.screenplay.features.accessing_the_application.LearnAboutTheApplication" skipped="0" tests="2" time="1.66" timestamp="2022-03-17 08:20:16"><testcase classname="net.serenitybdd.demos.todos.screenplay.features.accessing_the_application.LearnAboutTheApplication" name="Should be able to identify the application"/><testcase classname="net.serenitybdd.demos.todos.screenplay.features.accessing_the_application.LearnAboutTheApplication" name="Should see how to begin"/></testsuite>